TN:
SF:src/App.vue
FN:22,render
FNF:1
FNH:1
FNDA:3,render
DA:4,1
DA:7,1
DA:8,1
DA:11,1
DA:13,1
DA:16,1
DA:17,1
DA:18,1
DA:23,3
DA:24,3
DA:25,1
LF:11
LH:11
BRF:0
BRH:0
end_of_record
TN:
SF:src/router.js
FN:43,(anonymous_0)
FNF:1
FNH:0
FNDA:0,(anonymous_0)
DA:7,0
DA:37,0
DA:43,0
DA:44,0
DA:46,0
DA:47,0
DA:49,0
LF:7
LH:0
BRDA:46,0,0,0
BRDA:46,0,1,0
BRDA:46,1,0,0
BRDA:46,1,1,0
BRF:4
BRH:0
end_of_record
TN:
SF:src/services/api.js
FN:15,(anonymous_0)
FN:22,(anonymous_1)
FN:29,(anonymous_2)
FN:30,(anonymous_3)
FN:48,isValidUUID
FN:58,(anonymous_5)
FN:79,(anonymous_6)
FN:91,(anonymous_7)
FN:101,(anonymous_8)
FN:110,(anonymous_9)
FNF:10
FNH:6
FNDA:0,(anonymous_0)
FNDA:0,(anonymous_1)
FNDA:0,(anonymous_2)
FNDA:0,(anonymous_3)
FNDA:6,isValidUUID
FNDA:3,(anonymous_5)
FNDA:2,(anonymous_6)
FNDA:2,(anonymous_7)
FNDA:2,(anonymous_8)
FNDA:3,(anonymous_9)
DA:3,3
DA:6,3
DA:14,3
DA:16,0
DA:17,0
DA:18,0
DA:20,0
DA:23,0
DA:28,3
DA:29,0
DA:31,0
DA:33,0
DA:34,0
DA:36,0
DA:37,0
DA:38,0
DA:41,0
DA:49,6
DA:50,6
DA:53,3
DA:60,3
DA:62,3
DA:66,3
DA:67,1
DA:69,2
DA:72,3
DA:73,2
DA:80,2
DA:81,2
DA:83,2
DA:84,2
DA:92,2
DA:93,1
DA:97,3
DA:102,2
DA:103,1
DA:111,3
DA:112,1
DA:114,2
DA:115,1
LF:40
LH:27
BRDA:17,0,0,0
BRDA:17,0,1,0
BRDA:31,1,0,0
BRDA:31,1,1,0
BRDA:34,2,0,0
BRDA:34,2,1,0
BRDA:34,3,0,0
BRDA:34,3,1,0
BRDA:66,4,0,1
BRDA:66,4,1,2
BRDA:111,5,0,1
BRDA:111,5,1,2
BRF:12
BRH:4
end_of_record
TN:
SF:src/services/pointApi.js
FN:8,(anonymous_0)
FN:19,(anonymous_1)
FNF:2
FNH:2
FNDA:2,(anonymous_0)
FNDA:3,(anonymous_1)
DA:3,2
DA:9,2
DA:10,1
DA:20,3
DA:21,2
LF:5
LH:5
BRDA:19,0,0,2
BRDA:19,1,0,2
BRF:2
BRH:2
end_of_record
TN:
SF:src/views/AccountView.vue
FN:113,_toConsumableArray
FN:114,_nonIterableSpread
FN:115,_unsupportedIterableToArray
FN:116,_iterableToArray
FN:117,_arrayWithoutHoles
FN:118,_arrayLikeToArray
FN:171,render
FN:180,(anonymous_7)
FN:185,(anonymous_8)
FNF:9
FNH:5
FNDA:12,_toConsumableArray
FNDA:0,_nonIterableSpread
FNDA:0,_unsupportedIterableToArray
FNDA:0,_iterableToArray
FNDA:12,_arrayWithoutHoles
FNDA:12,_arrayLikeToArray
FNDA:23,render
FNDA:0,(anonymous_7)
FNDA:2,(anonymous_8)
DA:4,2
DA:7,2
DA:106,2
DA:108,2
DA:111,2
DA:112,2
DA:113,12
DA:114,0
DA:115,0
DA:116,0
DA:117,12
DA:118,12
DA:119,2
DA:122,2
DA:125,2
DA:128,2
DA:131,2
DA:134,2
DA:138,2
DA:142,2
DA:146,2
DA:149,2
DA:153,2
DA:156,2
DA:159,2
DA:162,2
DA:165,2
DA:168,2
DA:173,23
DA:174,23
DA:181,0
DA:186,2
DA:216,2
LF:33
LH:29
BRDA:113,0,0,12
BRDA:113,0,1,0
BRDA:113,0,2,0
BRDA:113,0,3,0
BRDA:115,1,0,0
BRDA:115,1,1,0
BRDA:115,2,0,0
BRDA:115,2,1,0
BRDA:115,3,0,0
BRDA:115,3,1,0
BRDA:115,3,2,0
BRDA:115,4,0,0
BRDA:115,4,1,0
BRDA:115,5,0,0
BRDA:115,5,1,0
BRDA:115,6,0,0
BRDA:115,6,1,0
BRDA:115,7,0,0
BRDA:115,7,1,0
BRDA:116,8,0,0
BRDA:116,8,1,0
BRDA:116,9,0,0
BRDA:116,9,1,0
BRDA:116,9,2,0
BRDA:117,10,0,12
BRDA:117,10,1,0
BRDA:118,11,0,12
BRDA:118,11,1,0
BRDA:118,11,2,12
BRDA:174,12,0,23
BRDA:174,12,1,12
BRDA:181,13,0,0
BRDA:181,13,1,0
BRDA:185,14,0,23
BRDA:185,14,1,12
BRDA:186,15,0,2
BRDA:186,15,1,2
BRDA:189,16,0,12
BRDA:189,16,1,11
BRDA:189,17,0,12
BRDA:189,17,1,12
BRDA:191,18,0,2
BRDA:191,18,1,9
BRDA:191,19,0,9
BRDA:191,19,1,9
BRDA:203,20,0,9
BRDA:203,20,1,0
BRDA:203,21,0,9
BRDA:203,21,1,9
BRDA:203,21,2,9
BRDA:203,22,0,9
BRDA:203,22,1,9
BRDA:205,23,0,9
BRDA:205,23,1,9
BRDA:207,24,0,9
BRDA:207,24,1,9
BRDA:209,25,0,9
BRDA:209,25,1,9
BRDA:211,26,0,9
BRDA:211,26,1,9
BRDA:213,27,0,9
BRDA:213,27,1,9
BRDA:215,28,0,9
BRDA:215,28,1,9
BRF:64
BRH:36
end_of_record
TN:
SF:src/views/LoginView.vue
FN:142,render
FN:146,(anonymous_1)
FN:155,(anonymous_2)
FN:167,(anonymous_3)
FNF:4
FNH:4
FNDA:35,render
FNDA:6,(anonymous_1)
FNDA:6,(anonymous_2)
FNDA:6,(anonymous_3)
DA:4,2
DA:7,2
DA:124,2
DA:126,2
DA:129,2
DA:130,2
DA:131,2
DA:134,2
DA:137,2
DA:141,2
DA:143,35
DA:147,6
DA:156,6
DA:168,6
DA:185,2
LF:15
LH:15
BRDA:143,0,0,35
BRDA:143,0,1,11
BRDA:146,1,0,35
BRDA:146,1,1,11
BRDA:147,2,0,6
BRDA:147,2,1,6
BRDA:150,3,0,35
BRDA:150,3,1,11
BRDA:155,4,0,35
BRDA:155,4,1,11
BRDA:162,5,0,35
BRDA:162,5,1,11
BRDA:167,6,0,35
BRDA:167,6,1,11
BRDA:174,7,0,4
BRDA:174,7,1,31
BRDA:178,8,0,6
BRDA:178,8,1,29
BRDA:178,9,0,35
BRDA:178,9,1,11
BRF:20
BRH:20
end_of_record
TN:
SF:src/views/PointHistoryView.vue
FN:143,_toConsumableArray
FN:144,_nonIterableSpread
FN:145,_unsupportedIterableToArray
FN:146,_iterableToArray
FN:147,_arrayWithoutHoles
FN:148,_arrayLikeToArray
FN:228,render
FN:237,(anonymous_7)
FN:245,(anonymous_8)
FN:250,(anonymous_9)
FN:256,(anonymous_10)
FN:272,(anonymous_11)
FN:278,(anonymous_12)
FNF:13
FNH:7
FNDA:28,_toConsumableArray
FNDA:0,_nonIterableSpread
FNDA:0,_unsupportedIterableToArray
FNDA:0,_iterableToArray
FNDA:28,_arrayWithoutHoles
FNDA:28,_arrayLikeToArray
FNDA:55,render
FNDA:0,(anonymous_7)
FNDA:0,(anonymous_8)
FNDA:2,(anonymous_9)
FNDA:40,(anonymous_10)
FNDA:0,(anonymous_11)
FNDA:1,(anonymous_12)
DA:4,2
DA:7,2
DA:136,2
DA:138,2
DA:141,2
DA:142,2
DA:143,28
DA:144,0
DA:145,0
DA:146,0
DA:147,28
DA:148,28
DA:149,2
DA:152,2
DA:155,2
DA:158,2
DA:161,2
DA:164,2
DA:168,2
DA:172,2
DA:176,2
DA:179,2
DA:182,2
DA:185,2
DA:188,2
DA:191,2
DA:194,2
DA:197,2
DA:200,2
DA:203,2
DA:206,2
DA:210,2
DA:214,2
DA:217,2
DA:220,2
DA:223,2
DA:224,2
DA:227,2
DA:230,55
DA:231,55
DA:238,0
DA:246,0
DA:251,2
DA:257,40
DA:273,0
DA:279,1
DA:284,2
LF:47
LH:41
BRDA:143,0,0,28
BRDA:143,0,1,0
BRDA:143,0,2,0
BRDA:143,0,3,0
BRDA:145,1,0,0
BRDA:145,1,1,0
BRDA:145,2,0,0
BRDA:145,2,1,0
BRDA:145,3,0,0
BRDA:145,3,1,0
BRDA:145,3,2,0
BRDA:145,4,0,0
BRDA:145,4,1,0
BRDA:145,5,0,0
BRDA:145,5,1,0
BRDA:145,6,0,0
BRDA:145,6,1,0
BRDA:145,7,0,0
BRDA:145,7,1,0
BRDA:146,8,0,0
BRDA:146,8,1,0
BRDA:146,9,0,0
BRDA:146,9,1,0
BRDA:146,9,2,0
BRDA:147,10,0,28
BRDA:147,10,1,0
BRDA:148,11,0,28
BRDA:148,11,1,0
BRDA:148,11,2,28
BRDA:231,12,0,55
BRDA:231,12,1,26
BRDA:238,13,0,0
BRDA:238,13,1,0
BRDA:246,14,0,0
BRDA:246,14,1,0
BRDA:250,15,0,55
BRDA:250,15,1,26
BRDA:251,16,0,2
BRDA:251,16,1,2
BRDA:254,17,0,28
BRDA:254,17,1,27
BRDA:254,18,0,28
BRDA:254,18,1,26
BRDA:256,19,0,2
BRDA:256,19,1,25
BRDA:256,20,0,24
BRDA:256,20,1,1
BRDA:256,21,0,25
BRDA:256,21,1,25
BRDA:256,21,2,25
BRDA:256,21,3,25
BRDA:263,22,0,40
BRDA:263,22,1,22
BRDA:265,23,0,21
BRDA:265,23,1,19
BRDA:268,24,0,40
BRDA:268,24,1,22
BRDA:270,25,0,21
BRDA:270,25,1,19
BRDA:270,26,0,40
BRDA:270,26,1,1
BRDA:270,27,0,40
BRDA:270,27,1,1
BRDA:271,28,0,25
BRDA:271,28,1,0
BRDA:271,29,0,25
BRDA:271,29,1,25
BRDA:271,29,2,25
BRDA:272,30,0,25
BRDA:272,30,1,23
BRDA:278,31,0,25
BRDA:278,31,1,23
BRF:72
BRH:42
end_of_record
TN:
SF:src/views/PointView.vue
FN:108,_toConsumableArray
FN:109,_nonIterableSpread
FN:110,_unsupportedIterableToArray
FN:111,_iterableToArray
FN:112,_arrayWithoutHoles
FN:113,_arrayLikeToArray
FN:154,render
FN:163,(anonymous_7)
FN:168,(anonymous_8)
FN:192,(anonymous_9)
FNF:10
FNH:5
FNDA:15,_toConsumableArray
FNDA:0,_nonIterableSpread
FNDA:0,_unsupportedIterableToArray
FNDA:0,_iterableToArray
FNDA:15,_arrayWithoutHoles
FNDA:15,_arrayLikeToArray
FNDA:29,render
FNDA:0,(anonymous_7)
FNDA:2,(anonymous_8)
FNDA:0,(anonymous_9)
DA:4,2
DA:7,2
DA:101,2
DA:103,2
DA:106,2
DA:107,2
DA:108,15
DA:109,0
DA:110,0
DA:111,0
DA:112,15
DA:113,15
DA:114,2
DA:117,2
DA:120,2
DA:123,2
DA:126,2
DA:129,2
DA:133,2
DA:137,2
DA:141,2
DA:144,2
DA:148,2
DA:151,2
DA:156,29
DA:157,29
DA:164,0
DA:169,2
DA:193,0
DA:197,2
LF:30
LH:25
BRDA:108,0,0,15
BRDA:108,0,1,0
BRDA:108,0,2,0
BRDA:108,0,3,0
BRDA:110,1,0,0
BRDA:110,1,1,0
BRDA:110,2,0,0
BRDA:110,2,1,0
BRDA:110,3,0,0
BRDA:110,3,1,0
BRDA:110,3,2,0
BRDA:110,4,0,0
BRDA:110,4,1,0
BRDA:110,5,0,0
BRDA:110,5,1,0
BRDA:110,6,0,0
BRDA:110,6,1,0
BRDA:110,7,0,0
BRDA:110,7,1,0
BRDA:111,8,0,0
BRDA:111,8,1,0
BRDA:111,9,0,0
BRDA:111,9,1,0
BRDA:111,9,2,0
BRDA:112,10,0,15
BRDA:112,10,1,0
BRDA:113,11,0,15
BRDA:113,11,1,0
BRDA:113,11,2,15
BRDA:157,12,0,29
BRDA:157,12,1,15
BRDA:164,13,0,0
BRDA:164,13,1,0
BRDA:168,14,0,29
BRDA:168,14,1,15
BRDA:169,15,0,2
BRDA:169,15,1,2
BRDA:172,16,0,15
BRDA:172,16,1,14
BRDA:172,17,0,15
BRDA:172,17,1,15
BRDA:174,18,0,3
BRDA:174,18,1,11
BRDA:174,19,0,11
BRDA:174,19,1,11
BRDA:186,20,0,11
BRDA:186,20,1,0
BRDA:186,21,0,11
BRDA:186,21,1,1
BRDA:186,22,0,1
BRDA:186,22,1,10
BRDA:186,23,0,11
BRDA:186,23,1,11
BRDA:186,24,0,11
BRDA:186,24,1,11
BRDA:193,25,0,0
BRDA:193,25,1,0
BRDA:196,26,0,11
BRDA:196,26,1,11
BRF:59
BRH:29
end_of_record
